[debug] [2019-02-23T11:15:33.176Z] ----------------------------------------------------------------------
[debug] [2019-02-23T11:15:33.177Z] Command:       C:\Program Files\nodejs\node.exe C:\Users\dell\AppData\Roaming\npm\node_modules\firebase-tools\bin\firebase deploy
[debug] [2019-02-23T11:15:33.178Z] CLI Version:   3.16.0
[debug] [2019-02-23T11:15:33.178Z] Platform:      win32
[debug] [2019-02-23T11:15:33.179Z] Node Version:  v8.9.1
[debug] [2019-02-23T11:15:33.179Z] Time:          Sat Feb 23 2019 16:45:33 GMT+0530 (India Standard Time)
[debug] [2019-02-23T11:15:33.179Z] ----------------------------------------------------------------------
[debug] 
[debug] [2019-02-23T11:15:33.198Z] > command requires scopes: ["email","openid","https://www.googleapis.com/auth/cloudplatformprojects.readonly","https://www.googleapis.com/auth/firebase","https://www.googleapis.com/auth/cloud-platform"]
[debug] [2019-02-23T11:15:33.199Z] > authorizing via signed-in user
[debug] [2019-02-23T11:15:33.202Z] > refreshing access token with scopes: ["email","https://www.googleapis.com/auth/cloud-platform","https://www.googleapis.com/auth/cloudplatformprojects.readonly","https://www.googleapis.com/auth/firebase","openid"]
[debug] [2019-02-23T11:15:33.202Z] >>> HTTP REQUEST POST https://www.googleapis.com/oauth2/v3/token  
 { refresh_token: '1/eRd2c8l3Zl_qi3inzQEWuVIF37R5Qsl9jqzdqHzSQMY',
  client_id: '563584335869-fgrhgmd47bqnekij5i8b5pr03ho849e6.apps.googleusercontent.com',
  client_secret: 'j9iVZfS8kkCEFUPaAeJV0sAi',
  grant_type: 'refresh_token',
  scope: 'email https://www.googleapis.com/auth/cloud-platform https://www.googleapis.com/auth/cloudplatformprojects.readonly https://www.googleapis.com/auth/firebase openid' } 
 Sat Feb 23 2019 16:45:33 GMT+0530 (India Standard Time)
[debug] [2019-02-23T11:15:33.637Z] <<< HTTP RESPONSE 200
[debug] [2019-02-23T11:15:33.696Z] >>> HTTP REQUEST GET https://admin.firebase.com/v1/projects/angular-best-practise  
  
 Sat Feb 23 2019 16:45:33 GMT+0530 (India Standard Time)
[debug] [2019-02-23T11:15:35.167Z] <<< HTTP RESPONSE 200
[debug] [2019-02-23T11:15:35.171Z] >>> HTTP REQUEST GET https://admin.firebase.com/v1/database/angular-best-practise/tokens  
  
 Sat Feb 23 2019 16:45:35 GMT+0530 (India Standard Time)
[debug] [2019-02-23T11:15:36.428Z] <<< HTTP RESPONSE 200
[info] 
[info] === Deploying to 'angular-best-practise'...
[info] 
[info] i  deploying hosting
[info] i  hosting: preparing dist/angular-http directory for upload...
[debug] [2019-02-23T11:15:39.053Z] >>> HTTP REQUEST PUT https://deploy.firebase.com/v1/hosting/angular-best-practise/uploads/-LZP3LEhzDgKrincYIo_?fileCount=12&message=  
  
 Sat Feb 23 2019 16:45:39 GMT+0530 (India Standard Time)
[debug] [2019-02-23T11:15:47.080Z] <<< HTTP RESPONSE 410
[debug] [2019-02-23T11:15:47.081Z] <<< HTTP RESPONSE BODY undefined
[debug] [2019-02-23T11:15:47.087Z] TypeError: Cannot read property 'error' of undefined
    at module.exports (C:\Users\dell\AppData\Roaming\npm\node_modules\firebase-tools\lib\responseToError.js:10:13)
    at Request._callback (C:\Users\dell\AppData\Roaming\npm\node_modules\firebase-tools\lib\api.js:45:25)
    at Request.self.callback (C:\Users\dell\AppData\Roaming\npm\node_modules\firebase-tools\node_modules\request\request.js:186:22)
    at emitTwo (events.js:126:13)
    at Request.emit (events.js:214:7)
    at Request.<anonymous> (C:\Users\dell\AppData\Roaming\npm\node_modules\firebase-tools\node_modules\request\request.js:1163:10)
    at emitOne (events.js:116:13)
    at Request.emit (events.js:211:7)
    at IncomingMessage.<anonymous> (C:\Users\dell\AppData\Roaming\npm\node_modules\firebase-tools\node_modules\request\request.js:1085:12)
    at Object.onceWrapper (events.js:313:30)
[error] 
[error] Error: An unexpected error has occurred.
